0 info it worked if it ends with ok
1 verbose cli [ '/home/tac/.nvm/versions/node/v0.12.0/bin/node',
1 verbose cli   '/home/tac/.nvm/versions/node/v0.12.0/bin/npm',
1 verbose cli   'start',
1 verbose cli   'develop' ]
2 info using npm@2.5.1
3 info using node@v0.12.0
4 verbose stack Error: missing script: start
4 verbose stack     at run (/home/tac/.nvm/versions/node/v0.12.0/lib/node_modules/npm/lib/run-script.js:138:19)
4 verbose stack     at /home/tac/.nvm/versions/node/v0.12.0/lib/node_modules/npm/lib/run-script.js:81:5
4 verbose stack     at /home/tac/.nvm/versions/node/v0.12.0/lib/node_modules/npm/node_modules/read-package-json/read-json.js:51:40
4 verbose stack     at final (/home/tac/.nvm/versions/node/v0.12.0/lib/node_modules/npm/node_modules/read-package-json/read-json.js:349:17)
4 verbose stack     at then (/home/tac/.nvm/versions/node/v0.12.0/lib/node_modules/npm/node_modules/read-package-json/read-json.js:126:33)
4 verbose stack     at /home/tac/.nvm/versions/node/v0.12.0/lib/node_modules/npm/node_modules/read-package-json/read-json.js:331:40
4 verbose stack     at evalmachine.<anonymous>:336:14
4 verbose stack     at /home/tac/.nvm/versions/node/v0.12.0/lib/node_modules/npm/node_modules/graceful-fs/graceful-fs.js:102:5
4 verbose stack     at FSReqWrap.oncomplete (evalmachine.<anonymous>:99:15)
5 verbose cwd /home/tac/projekts/AFatBud
6 error Linux 3.13.0-45-generic
7 error argv "/home/tac/.nvm/versions/node/v0.12.0/bin/node" "/home/tac/.nvm/versions/node/v0.12.0/bin/npm" "start" "develop"
8 error node v0.12.0
9 error npm  v2.5.1
10 error missing script: start
11 error If you need help, you may report this error at:
11 error     <http://github.com/npm/npm/issues>
12 verbose exit [ 1, true ]
